# JRE version: Java(TM) SE Runtime Environment (8.0_261-b12) (build 1.8.0_261-b12)
# Java VM: Java HotSpot(TM) 64-Bit Server VM (25.261-b12 mixed mode windows-amd64 compressed oops)
Heap:
 PSYoungGen      total 988672K, used 291839K [0x0000000740600000, 0x00000007a7400000, 0x00000007c0000000)
  eden space 291840K, 99% used [0x0000000740600000,0x00000007522ffff0,0x0000000752300000)
  from space 696832K, 0% used [0x000000077cb80000,0x000000077cb80000,0x00000007a7400000)
  to   space 696832K, 0% used [0x0000000752300000,0x0000000752300000,0x000000077cb80000)
 ParOldGen       total 4182016K, used 4182015K [0x0000000641200000, 0x0000000740600000, 0x0000000740600000)
  object space 4182016K, 99% used [0x0000000641200000,0x00000007405ffff0,0x0000000740600000)
 Metaspace       used 47498K, capacity 49684K, committed 49920K, reserved 1091584K
  class space    used 6676K, capacity 7057K, committed 7168K, reserved 1048576K
GC Heap History (10 events):
Event: 236.996 GC heap before
{Heap before GC invocations=772 (full 734):
 PSYoungGen      total 988672K, used 291839K [0x0000000740600000, 0x00000007a7400000, 0x00000007c0000000)
  eden space 291840K, 99% used [0x0000000740600000,0x00000007522ffff0,0x0000000752300000)
  from space 696832K, 0% used [0x000000077cb80000,0x000000077cb80000,0x00000007a7400000)
  to   space 696832K, 0% used [0x0000000752300000,0x0000000752300000,0x000000077cb80000)
 ParOldGen       total 4182016K, used 4182015K [0x0000000641200000, 0x0000000740600000, 0x0000000740600000)
  object space 4182016K, 99% used [0x0000000641200000,0x00000007405ffea0,0x0000000740600000)
 Metaspace       used 47498K, capacity 49684K, committed 49920K, reserved 1091584K
  class space    used 6676K, capacity 7057K, committed 7168K, reserved 1048576K
Event: 237.034 GC heap after
Heap after GC invocations=772 (full 734):
 PSYoungGen      total 988672K, used 291839K [0x0000000740600000, 0x00000007a7400000, 0x00000007c0000000)
  eden space 291840K, 99% used [0x0000000740600000,0x00000007522ffff0,0x0000000752300000)
  from space 696832K, 0% used [0x000000077cb80000,0x000000077cb80000,0x00000007a7400000)
  to   space 696832K, 0% used [0x0000000752300000,0x0000000752300000,0x000000077cb80000)
 ParOldGen       total 4182016K, used 4182015K [0x0000000641200000, 0x0000000740600000, 0x0000000740600000)
  object space 4182016K, 99% used [0x0000000641200000,0x00000007405ffd70,0x0000000740600000)
 Metaspace       used 47498K, capacity 49684K, committed 49920K, reserved 1091584K
  class space    used 6676K, capacity 7057K, committed 7168K, reserved 1048576K
}
Event: 237.034 GC heap before
{Heap before GC invocations=773 (full 735):
 PSYoungGen      total 988672K, used 291839K [0x0000000740600000, 0x00000007a7400000, 0x00000007c0000000)
  eden space 291840K, 99% used [0x0000000740600000,0x00000007522ffff0,0x0000000752300000)
  from space 696832K, 0% used [0x000000077cb80000,0x000000077cb80000,0x00000007a7400000)
  to   space 696832K, 0% used [0x0000000752300000,0x0000000752300000,0x000000077cb80000)
 ParOldGen       total 4182016K, used 4182015K [0x0000000641200000, 0x0000000740600000, 0x0000000740600000)
  object space 4182016K, 99% used [0x0000000641200000,0x00000007405ffff0,0x0000000740600000)
 Metaspace       used 47498K, capacity 49684K, committed 49920K, reserved 1091584K
  class space    used 6676K, capacity 7057K, committed 7168K, reserved 1048576K
Event: 237.071 GC heap after
Heap after GC invocations=773 (full 735):
 PSYoungGen      total 988672K, used 291839K [0x0000000740600000, 0x00000007a7400000, 0x00000007c0000000)
  eden space 291840K, 99% used [0x0000000740600000,0x00000007522ffff0,0x0000000752300000)
  from space 696832K, 0% used [0x000000077cb80000,0x000000077cb80000,0x00000007a7400000)
  to   space 696832K, 0% used [0x0000000752300000,0x0000000752300000,0x000000077cb80000)
 ParOldGen       total 4182016K, used 4182015K [0x0000000641200000, 0x0000000740600000, 0x0000000740600000)
  object space 4182016K, 99% used [0x0000000641200000,0x00000007405ffed0,0x0000000740600000)
 Metaspace       used 47498K, capacity 49684K, committed 49920K, reserved 1091584K
  class space    used 6676K, capacity 7057K, committed 7168K, reserved 1048576K
}
Event: 237.071 GC heap before
{Heap before GC invocations=774 (full 736):
 PSYoungGen      total 988672K, used 291839K [0x0000000740600000, 0x00000007a7400000, 0x00000007c0000000)
  eden space 291840K, 99% used [0x0000000740600000,0x00000007522ffff0,0x0000000752300000)
  from space 696832K, 0% used [0x000000077cb80000,0x000000077cb80000,0x00000007a7400000)
  to   space 696832K, 0% used [0x0000000752300000,0x0000000752300000,0x000000077cb80000)
 ParOldGen       total 4182016K, used 4182016K [0x0000000641200000, 0x0000000740600000, 0x0000000740600000)
  object space 4182016K, 100% used [0x0000000641200000,0x0000000740600000,0x0000000740600000)
 Metaspace       used 47498K, capacity 49684K, committed 49920K, reserved 1091584K
  class space    used 6676K, capacity 7057K, committed 7168K, reserved 1048576K
Event: 237.109 GC heap after
Heap after GC invocations=774 (full 736):
 PSYoungGen      total 988672K, used 291839K [0x0000000740600000, 0x00000007a7400000, 0x00000007c0000000)
  eden space 291840K, 99% used [0x0000000740600000,0x00000007522ffff0,0x0000000752300000)
  from space 696832K, 0% used [0x000000077cb80000,0x000000077cb80000,0x00000007a7400000)
  to   space 696832K, 0% used [0x0000000752300000,0x0000000752300000,0x000000077cb80000)
 ParOldGen       total 4182016K, used 4182015K [0x0000000641200000, 0x0000000740600000, 0x0000000740600000)
  object space 4182016K, 99% used [0x0000000641200000,0x00000007405fffd0,0x0000000740600000)
 Metaspace       used 47498K, capacity 49684K, committed 49920K, reserved 1091584K
  class space    used 6676K, capacity 7057K, committed 7168K, reserved 1048576K
}
Event: 237.109 GC heap before
{Heap before GC invocations=775 (full 737):
 PSYoungGen      total 988672K, used 291839K [0x0000000740600000, 0x00000007a7400000, 0x00000007c0000000)
  eden space 291840K, 99% used [0x0000000740600000,0x00000007522ffff0,0x0000000752300000)
  from space 696832K, 0% used [0x000000077cb80000,0x000000077cb80000,0x00000007a7400000)
  to   space 696832K, 0% used [0x0000000752300000,0x0000000752300000,0x000000077cb80000)
 ParOldGen       total 4182016K, used 4182015K [0x0000000641200000, 0x0000000740600000, 0x0000000740600000)
  object space 4182016K, 99% used [0x0000000641200000,0x00000007405ffff0,0x0000000740600000)
 Metaspace       used 47498K, capacity 49684K, committed 49920K, reserved 1091584K
  class space    used 6676K, capacity 7057K, committed 7168K, reserved 1048576K
Event: 237.146 GC heap after
Heap after GC invocations=775 (full 737):
 PSYoungGen      total 988672K, used 291839K [0x0000000740600000, 0x00000007a7400000, 0x00000007c0000000)
  eden space 291840K, 99% used [0x0000000740600000,0x00000007522ffff0,0x0000000752300000)
  from space 696832K, 0% used [0x000000077cb80000,0x000000077cb80000,0x00000007a7400000)
  to   space 696832K, 0% used [0x0000000752300000,0x0000000752300000,0x000000077cb80000)
 ParOldGen       total 4182016K, used 4182015K [0x0000000641200000, 0x0000000740600000, 0x0000000740600000)
  object space 4182016K, 99% used [0x0000000641200000,0x00000007405ffff0,0x0000000740600000)
 Metaspace       used 47498K, capacity 49684K, committed 49920K, reserved 1091584K
  class space    used 6676K, capacity 7057K, committed 7168K, reserved 1048576K
}
Event: 237.146 GC heap before
{Heap before GC invocations=776 (full 738):
 PSYoungGen      total 988672K, used 291839K [0x0000000740600000, 0x00000007a7400000, 0x00000007c0000000)
  eden space 291840K, 99% used [0x0000000740600000,0x00000007522ffff0,0x0000000752300000)
  from space 696832K, 0% used [0x000000077cb80000,0x000000077cb80000,0x00000007a7400000)
  to   space 696832K, 0% used [0x0000000752300000,0x0000000752300000,0x000000077cb80000)
 ParOldGen       total 4182016K, used 4182015K [0x0000000641200000, 0x0000000740600000, 0x0000000740600000)
  object space 4182016K, 99% used [0x0000000641200000,0x00000007405ffff0,0x0000000740600000)
 Metaspace       used 47498K, capacity 49684K, committed 49920K, reserved 1091584K
  class space    used 6676K, capacity 7057K, committed 7168K, reserved 1048576K
Event: 237.182 GC heap after
Heap after GC invocations=776 (full 738):
 PSYoungGen      total 988672K, used 291839K [0x0000000740600000, 0x00000007a7400000, 0x00000007c0000000)
  eden space 291840K, 99% used [0x0000000740600000,0x00000007522ffff0,0x0000000752300000)
  from space 696832K, 0% used [0x000000077cb80000,0x000000077cb80000,0x00000007a7400000)
  to   space 696832K, 0% used [0x0000000752300000,0x0000000752300000,0x000000077cb80000)
 ParOldGen       total 4182016K, used 4182015K [0x0000000641200000, 0x0000000740600000, 0x0000000740600000)
  object space 4182016K, 99% used [0x0000000641200000,0x00000007405ffff0,0x0000000740600000)
 Metaspace       used 47498K, capacity 49684K, committed 49920K, reserved 1091584K
  class space    used 6676K, capacity 7057K, committed 7168K, reserved 1048576K
}

