# JRE version: Java(TM) SE Runtime Environment (8.0_231-b11) (build 1.8.0_231-b11)
# Java VM: Java HotSpot(TM) 64-Bit Server VM (25.231-b11 mixed mode windows-amd64 compressed oops)
Heap:
 PSYoungGen      total 49664K, used 24430K [0x000000078b380000, 0x0000000790980000, 0x00000007c0000000)
  eden space 25600K, 2% used [0x000000078b380000,0x000000078b4393e8,0x000000078cc80000)
  from space 24064K, 98% used [0x000000078cc80000,0x000000078e3a24e0,0x000000078e400000)
  to   space 31232K, 0% used [0x000000078eb00000,0x000000078eb00000,0x0000000790980000)
 ParOldGen       total 132096K, used 50491K [0x0000000721a00000, 0x0000000729b00000, 0x000000078b380000)
  object space 132096K, 38% used [0x0000000721a00000,0x0000000724b4ef98,0x0000000729b00000)
 Metaspace       used 21025K, capacity 22076K, committed 22272K, reserved 1069056K
  class space    used 2980K, capacity 3201K, committed 3328K, reserved 1048576K
GC Heap History (10 events):
Event: 109.303 GC heap before
{Heap before GC invocations=24 (full 3):
 PSYoungGen      total 59904K, used 49129K [0x000000078b380000, 0x0000000791280000, 0x00000007c0000000)
  eden space 25600K, 99% used [0x000000078b380000,0x000000078cc50068,0x000000078cc80000)
  from space 34304K, 69% used [0x000000078f100000,0x000000079082a4e0,0x0000000791280000)
  to   space 35840K, 0% used [0x000000078cc80000,0x000000078cc80000,0x000000078ef80000)
 ParOldGen       total 132096K, used 50031K [0x0000000721a00000, 0x0000000729b00000, 0x000000078b380000)
  object space 132096K, 37% used [0x0000000721a00000,0x0000000724adbf88,0x0000000729b00000)
 Metaspace       used 20971K, capacity 22012K, committed 22272K, reserved 1069056K
  class space    used 2980K, capacity 3201K, committed 3328K, reserved 1048576K
Event: 109.310 GC heap after
Heap after GC invocations=24 (full 3):
 PSYoungGen      total 48640K, used 22821K [0x000000078b380000, 0x0000000791080000, 0x00000007c0000000)
  eden space 25600K, 0% used [0x000000078b380000,0x000000078b380000,0x000000078cc80000)
  from space 23040K, 99% used [0x000000078cc80000,0x000000078e2c94b0,0x000000078e300000)
  to   space 34816K, 0% used [0x000000078ee80000,0x000000078ee80000,0x0000000791080000)
 ParOldGen       total 132096K, used 50395K [0x0000000721a00000, 0x0000000729b00000, 0x000000078b380000)
  object space 132096K, 38% used [0x0000000721a00000,0x0000000724b36f98,0x0000000729b00000)
 Metaspace       used 20971K, capacity 22012K, committed 22272K, reserved 1069056K
  class space    used 2980K, capacity 3201K, committed 3328K, reserved 1048576K
}
Event: 111.700 GC heap before
{Heap before GC invocations=25 (full 3):
 PSYoungGen      total 48640K, used 48363K [0x000000078b380000, 0x0000000791080000, 0x00000007c0000000)
  eden space 25600K, 99% used [0x000000078b380000,0x000000078cc71808,0x000000078cc80000)
  from space 23040K, 99% used [0x000000078cc80000,0x000000078e2c94b0,0x000000078e300000)
  to   space 34816K, 0% used [0x000000078ee80000,0x000000078ee80000,0x0000000791080000)
 ParOldGen       total 132096K, used 50395K [0x0000000721a00000, 0x0000000729b00000, 0x000000078b380000)
  object space 132096K, 38% used [0x0000000721a00000,0x0000000724b36f98,0x0000000729b00000)
 Metaspace       used 20989K, capacity 22076K, committed 22272K, reserved 1069056K
  class space    used 2980K, capacity 3201K, committed 3328K, reserved 1048576K
Event: 111.707 GC heap after
Heap after GC invocations=25 (full 3):
 PSYoungGen      total 58368K, used 23421K [0x000000078b380000, 0x0000000790e80000, 0x00000007c0000000)
  eden space 25600K, 0% used [0x000000078b380000,0x000000078b380000,0x000000078cc80000)
  from space 32768K, 71% used [0x000000078ee80000,0x000000079055f4d0,0x0000000790e80000)
  to   space 33792K, 0% used [0x000000078cc80000,0x000000078cc80000,0x000000078ed80000)
 ParOldGen       total 132096K, used 50435K [0x0000000721a00000, 0x0000000729b00000, 0x000000078b380000)
  object space 132096K, 38% used [0x0000000721a00000,0x0000000724b40f98,0x0000000729b00000)
 Metaspace       used 20989K, capacity 22076K, committed 22272K, reserved 1069056K
  class space    used 2980K, capacity 3201K, committed 3328K, reserved 1048576K
}
Event: 116.054 GC heap before
{Heap before GC invocations=26 (full 3):
 PSYoungGen      total 58368K, used 49021K [0x000000078b380000, 0x0000000790e80000, 0x00000007c0000000)
  eden space 25600K, 100% used [0x000000078b380000,0x000000078cc80000,0x000000078cc80000)
  from space 32768K, 71% used [0x000000078ee80000,0x000000079055f4d0,0x0000000790e80000)
  to   space 33792K, 0% used [0x000000078cc80000,0x000000078cc80000,0x000000078ed80000)
 ParOldGen       total 132096K, used 50435K [0x0000000721a00000, 0x0000000729b00000, 0x000000078b380000)
  object space 132096K, 38% used [0x0000000721a00000,0x0000000724b40f98,0x0000000729b00000)
 Metaspace       used 21009K, capacity 22076K, committed 22272K, reserved 1069056K
  class space    used 2980K, capacity 3201K, committed 3328K, reserved 1048576K
Event: 116.059 GC heap after
Heap after GC invocations=26 (full 3):
 PSYoungGen      total 48640K, used 22821K [0x000000078b380000, 0x0000000790c80000, 0x00000007c0000000)
  eden space 25600K, 0% used [0x000000078b380000,0x000000078b380000,0x000000078cc80000)
  from space 23040K, 99% used [0x000000078cc80000,0x000000078e2c94b0,0x000000078e300000)
  to   space 32768K, 0% used [0x000000078ec80000,0x000000078ec80000,0x0000000790c80000)
 ParOldGen       total 132096K, used 50467K [0x0000000721a00000, 0x0000000729b00000, 0x000000078b380000)
  object space 132096K, 38% used [0x0000000721a00000,0x0000000724b48f98,0x0000000729b00000)
 Metaspace       used 21009K, capacity 22076K, committed 22272K, reserved 1069056K
  class space    used 2980K, capacity 3201K, committed 3328K, reserved 1048576K
}
Event: 119.441 GC heap before
{Heap before GC invocations=27 (full 3):
 PSYoungGen      total 48640K, used 48210K [0x000000078b380000, 0x0000000790c80000, 0x00000007c0000000)
  eden space 25600K, 99% used [0x000000078b380000,0x000000078cc4b620,0x000000078cc80000)
  from space 23040K, 99% used [0x000000078cc80000,0x000000078e2c94b0,0x000000078e300000)
  to   space 32768K, 0% used [0x000000078ec80000,0x000000078ec80000,0x0000000790c80000)
 ParOldGen       total 132096K, used 50467K [0x0000000721a00000, 0x0000000729b00000, 0x000000078b380000)
  object space 132096K, 38% used [0x0000000721a00000,0x0000000724b48f98,0x0000000729b00000)
 Metaspace       used 21020K, capacity 22076K, committed 22272K, reserved 1069056K
  class space    used 2980K, capacity 3201K, committed 3328K, reserved 1048576K
Event: 119.446 GC heap after
Heap after GC invocations=27 (full 3):
 PSYoungGen      total 57344K, used 23421K [0x000000078b380000, 0x0000000790b80000, 0x00000007c0000000)
  eden space 25600K, 0% used [0x000000078b380000,0x000000078b380000,0x000000078cc80000)
  from space 31744K, 73% used [0x000000078ec80000,0x000000079035f4d0,0x0000000790b80000)
  to   space 32256K, 0% used [0x000000078cc80000,0x000000078cc80000,0x000000078ec00000)
 ParOldGen       total 132096K, used 50475K [0x0000000721a00000, 0x0000000729b00000, 0x000000078b380000)
  object space 132096K, 38% used [0x0000000721a00000,0x0000000724b4af98,0x0000000729b00000)
 Metaspace       used 21020K, capacity 22076K, committed 22272K, reserved 1069056K
  class space    used 2980K, capacity 3201K, committed 3328K, reserved 1048576K
}
Event: 122.528 GC heap before
{Heap before GC invocations=28 (full 3):
 PSYoungGen      total 57344K, used 48943K [0x000000078b380000, 0x0000000790b80000, 0x00000007c0000000)
  eden space 25600K, 99% used [0x000000078b380000,0x000000078cc6ca48,0x000000078cc80000)
  from space 31744K, 73% used [0x000000078ec80000,0x000000079035f4d0,0x0000000790b80000)
  to   space 32256K, 0% used [0x000000078cc80000,0x000000078cc80000,0x000000078ec00000)
 ParOldGen       total 132096K, used 50475K [0x0000000721a00000, 0x0000000729b00000, 0x000000078b380000)
  object space 132096K, 38% used [0x0000000721a00000,0x0000000724b4af98,0x0000000729b00000)
 Metaspace       used 21025K, capacity 22076K, committed 22272K, reserved 1069056K
  class space    used 2980K, capacity 3201K, committed 3328K, reserved 1048576K
Event: 122.534 GC heap after
Heap after GC invocations=28 (full 3):
 PSYoungGen      total 49664K, used 23689K [0x000000078b380000, 0x0000000790980000, 0x00000007c0000000)
  eden space 25600K, 0% used [0x000000078b380000,0x000000078b380000,0x000000078cc80000)
  from space 24064K, 98% used [0x000000078cc80000,0x000000078e3a24e0,0x000000078e400000)
  to   space 31232K, 0% used [0x000000078eb00000,0x000000078eb00000,0x0000000790980000)
 ParOldGen       total 132096K, used 50491K [0x0000000721a00000, 0x0000000729b00000, 0x000000078b380000)
  object space 132096K, 38% used [0x0000000721a00000,0x0000000724b4ef98,0x0000000729b00000)
 Metaspace       used 21025K, capacity 22076K, committed 22272K, reserved 1069056K
  class space    used 2980K, capacity 3201K, committed 3328K, reserved 1048576K
}

